2011/03/11 14:20:53 [error] [exception.CException] exception 'CException' with message 'Property "CHttpRequest.getRequestUri" is not defined.' in /Users/austintodo/MAMP_htdocs/RiverCrab/public_html/yii/framework/base/CComponent.php:131
Stack trace:
#0 /Users/austintodo/MAMP_htdocs/RiverCrab/public_html/rc/protected/views/post/detail.php(32): CComponent->__get('getRequestUri')
#1 /Users/austintodo/MAMP_htdocs/RiverCrab/public_html/yii/framework/web/CBaseController.php(119): require('/Users/austinto...')
#2 /Users/austintodo/MAMP_htdocs/RiverCrab/public_html/yii/framework/web/CBaseController.php(88): CBaseController->renderInternal('/Users/austinto...', Array, true)
#3 /Users/austintodo/MAMP_htdocs/RiverCrab/public_html/yii/framework/web/CController.php(833): CBaseController->renderFile('/Users/austinto...', Array, true)
#4 /Users/austintodo/MAMP_htdocs/RiverCrab/public_html/rc/protected/views/post/postDetail.php(40): CController->renderPartial('detail', Array)
#5 /Users/austintodo/MAMP_htdocs/RiverCrab/public_html/yii/framework/web/CBaseController.php(119): require('/Users/austinto...')
#6 /Users/austintodo/MAMP_htdocs/RiverCrab/public_html/yii/framework/web/CBaseController.php(88): CBaseController->renderInternal('/Users/austinto...', Array, true)
#7 /Users/austintodo/MAMP_htdocs/RiverCrab/public_html/yii/framework/web/CController.php(833): CBaseController->renderFile('/Users/austinto...', Array, true)
#8 /Users/austintodo/MAMP_htdocs/RiverCrab/public_html/yii/framework/web/CController.php(746): CController->renderPartial('postDetail', Array, true)
#9 /Users/austintodo/MAMP_htdocs/RiverCrab/public_html/rc/protected/controllers/PostController.php(499): CController->render('postDetail', Array, false, true)
#10 [internal function]: PostController->actionPostDetail('51')
#11 /Users/austintodo/MAMP_htdocs/RiverCrab/public_html/yii/framework/web/actions/CInlineAction.php(54): ReflectionMethod->invokeArgs(Object(PostController), Array)
#12 /Users/austintodo/MAMP_htdocs/RiverCrab/public_html/yii/framework/web/CController.php(300): CInlineAction->run()
#13 /Users/austintodo/MAMP_htdocs/RiverCrab/public_html/yii/framework/web/filters/CFilterChain.php(133): CController->runAction(Object(CInlineAction))
#14 /Users/austintodo/MAMP_htdocs/RiverCrab/public_html/yii/framework/web/filters/CFilter.php(41): CFilterChain->run()
#15 /Users/austintodo/MAMP_htdocs/RiverCrab/public_html/yii/framework/web/CController.php(1088): CFilter->filter(Object(CFilterChain))
#16 /Users/austintodo/MAMP_htdocs/RiverCrab/public_html/yii/framework/web/filters/CInlineFilter.php(59): CController->filterAccessControl(Object(CFilterChain))
#17 /Users/austintodo/MAMP_htdocs/RiverCrab/public_html/yii/framework/web/filters/CFilterChain.php(130): CInlineFilter->filter(Object(CFilterChain))
#18 /Users/austintodo/MAMP_htdocs/RiverCrab/public_html/yii/framework/web/CController.php(283): CFilterChain->run()
#19 /Users/austintodo/MAMP_htdocs/RiverCrab/public_html/yii/framework/web/CController.php(257): CController->runActionWithFilters(Object(CInlineAction), Array)
#20 /Users/austintodo/MAMP_htdocs/RiverCrab/public_html/yii/framework/web/CWebApplication.php(328): CController->run('postDetail')
#21 /Users/austintodo/MAMP_htdocs/RiverCrab/public_html/yii/framework/web/CWebApplication.php(121): CWebApplication->runController('post/postDetail')
#22 /Users/austintodo/MAMP_htdocs/RiverCrab/public_html/yii/framework/base/CApplication.php(155): CWebApplication->processRequest()
#23 /Users/austintodo/MAMP_htdocs/RiverCrab/public_html/rc/index.php(13): CApplication->run()
#24 {main} REQUEST_URI=/RiverCrab/public_html/rc/post/postDetail/51
2011/03/11 14:24:00 [error] [exception.CException] exception 'CException' with message 'Property "CHttpRequest.getRequestUri" is not defined.' in /Users/austintodo/MAMP_htdocs/RiverCrab/public_html/yii/framework/base/CComponent.php:131
Stack trace:
#0 /Users/austintodo/MAMP_htdocs/RiverCrab/public_html/rc/protected/views/post/detail.php(32): CComponent->__get('getRequestUri')
#1 /Users/austintodo/MAMP_htdocs/RiverCrab/public_html/yii/framework/web/CBaseController.php(119): require('/Users/austinto...')
#2 /Users/austintodo/MAMP_htdocs/RiverCrab/public_html/yii/framework/web/CBaseController.php(88): CBaseController->renderInternal('/Users/austinto...', Array, true)
#3 /Users/austintodo/MAMP_htdocs/RiverCrab/public_html/yii/framework/web/CController.php(833): CBaseController->renderFile('/Users/austinto...', Array, true)
#4 /Users/austintodo/MAMP_htdocs/RiverCrab/public_html/rc/protected/views/post/postDetail.php(40): CController->renderPartial('detail', Array)
#5 /Users/austintodo/MAMP_htdocs/RiverCrab/public_html/yii/framework/web/CBaseController.php(119): require('/Users/austinto...')
#6 /Users/austintodo/MAMP_htdocs/RiverCrab/public_html/yii/framework/web/CBaseController.php(88): CBaseController->renderInternal('/Users/austinto...', Array, true)
#7 /Users/austintodo/MAMP_htdocs/RiverCrab/public_html/yii/framework/web/CController.php(833): CBaseController->renderFile('/Users/austinto...', Array, true)
#8 /Users/austintodo/MAMP_htdocs/RiverCrab/public_html/yii/framework/web/CController.php(746): CController->renderPartial('postDetail', Array, true)
#9 /Users/austintodo/MAMP_htdocs/RiverCrab/public_html/rc/protected/controllers/PostController.php(499): CController->render('postDetail', Array, false, true)
#10 [internal function]: PostController->actionPostDetail('62')
#11 /Users/austintodo/MAMP_htdocs/RiverCrab/public_html/yii/framework/web/actions/CInlineAction.php(54): ReflectionMethod->invokeArgs(Object(PostController), Array)
#12 /Users/austintodo/MAMP_htdocs/RiverCrab/public_html/yii/framework/web/CController.php(300): CInlineAction->run()
#13 /Users/austintodo/MAMP_htdocs/RiverCrab/public_html/yii/framework/web/filters/CFilterChain.php(133): CController->runAction(Object(CInlineAction))
#14 /Users/austintodo/MAMP_htdocs/RiverCrab/public_html/yii/framework/web/filters/CFilter.php(41): CFilterChain->run()
#15 /Users/austintodo/MAMP_htdocs/RiverCrab/public_html/yii/framework/web/CController.php(1088): CFilter->filter(Object(CFilterChain))
#16 /Users/austintodo/MAMP_htdocs/RiverCrab/public_html/yii/framework/web/filters/CInlineFilter.php(59): CController->filterAccessControl(Object(CFilterChain))
#17 /Users/austintodo/MAMP_htdocs/RiverCrab/public_html/yii/framework/web/filters/CFilterChain.php(130): CInlineFilter->filter(Object(CFilterChain))
#18 /Users/austintodo/MAMP_htdocs/RiverCrab/public_html/yii/framework/web/CController.php(283): CFilterChain->run()
#19 /Users/austintodo/MAMP_htdocs/RiverCrab/public_html/yii/framework/web/CController.php(257): CController->runActionWithFilters(Object(CInlineAction), Array)
#20 /Users/austintodo/MAMP_htdocs/RiverCrab/public_html/yii/framework/web/CWebApplication.php(328): CController->run('postDetail')
#21 /Users/austintodo/MAMP_htdocs/RiverCrab/public_html/yii/framework/web/CWebApplication.php(121): CWebApplication->runController('post/postDetail')
#22 /Users/austintodo/MAMP_htdocs/RiverCrab/public_html/yii/framework/base/CApplication.php(155): CWebApplication->processRequest()
#23 /Users/austintodo/MAMP_htdocs/RiverCrab/public_html/rc/index.php(13): CApplication->run()
#24 {main} REQUEST_URI=/RiverCrab/public_html/rc/post/postDetail/62
2011/03/11 14:24:02 [error] [exception.CException] exception 'CException' with message 'Property "CHttpRequest.getRequestUrl" is not defined.' in /Users/austintodo/MAMP_htdocs/RiverCrab/public_html/yii/framework/base/CComponent.php:131
Stack trace:
#0 /Users/austintodo/MAMP_htdocs/RiverCrab/public_html/rc/protected/views/post/detail.php(32): CComponent->__get('getRequestUrl')
#1 /Users/austintodo/MAMP_htdocs/RiverCrab/public_html/yii/framework/web/CBaseController.php(119): require('/Users/austinto...')
#2 /Users/austintodo/MAMP_htdocs/RiverCrab/public_html/yii/framework/web/CBaseController.php(88): CBaseController->renderInternal('/Users/austinto...', Array, true)
#3 /Users/austintodo/MAMP_htdocs/RiverCrab/public_html/yii/framework/web/CController.php(833): CBaseController->renderFile('/Users/austinto...', Array, true)
#4 /Users/austintodo/MAMP_htdocs/RiverCrab/public_html/rc/protected/views/post/postDetail.php(40): CController->renderPartial('detail', Array)
#5 /Users/austintodo/MAMP_htdocs/RiverCrab/public_html/yii/framework/web/CBaseController.php(119): require('/Users/austinto...')
#6 /Users/austintodo/MAMP_htdocs/RiverCrab/public_html/yii/framework/web/CBaseController.php(88): CBaseController->renderInternal('/Users/austinto...', Array, true)
#7 /Users/austintodo/MAMP_htdocs/RiverCrab/public_html/yii/framework/web/CController.php(833): CBaseController->renderFile('/Users/austinto...', Array, true)
#8 /Users/austintodo/MAMP_htdocs/RiverCrab/public_html/yii/framework/web/CController.php(746): CController->renderPartial('postDetail', Array, true)
#9 /Users/austintodo/MAMP_htdocs/RiverCrab/public_html/rc/protected/controllers/PostController.php(499): CController->render('postDetail', Array, false, true)
#10 [internal function]: PostController->actionPostDetail('62')
#11 /Users/austintodo/MAMP_htdocs/RiverCrab/public_html/yii/framework/web/actions/CInlineAction.php(54): ReflectionMethod->invokeArgs(Object(PostController), Array)
#12 /Users/austintodo/MAMP_htdocs/RiverCrab/public_html/yii/framework/web/CController.php(300): CInlineAction->run()
#13 /Users/austintodo/MAMP_htdocs/RiverCrab/public_html/yii/framework/web/filters/CFilterChain.php(133): CController->runAction(Object(CInlineAction))
#14 /Users/austintodo/MAMP_htdocs/RiverCrab/public_html/yii/framework/web/filters/CFilter.php(41): CFilterChain->run()
#15 /Users/austintodo/MAMP_htdocs/RiverCrab/public_html/yii/framework/web/CController.php(1088): CFilter->filter(Object(CFilterChain))
#16 /Users/austintodo/MAMP_htdocs/RiverCrab/public_html/yii/framework/web/filters/CInlineFilter.php(59): CController->filterAccessControl(Object(CFilterChain))
#17 /Users/austintodo/MAMP_htdocs/RiverCrab/public_html/yii/framework/web/filters/CFilterChain.php(130): CInlineFilter->filter(Object(CFilterChain))
#18 /Users/austintodo/MAMP_htdocs/RiverCrab/public_html/yii/framework/web/CController.php(283): CFilterChain->run()
#19 /Users/austintodo/MAMP_htdocs/RiverCrab/public_html/yii/framework/web/CController.php(257): CController->runActionWithFilters(Object(CInlineAction), Array)
#20 /Users/austintodo/MAMP_htdocs/RiverCrab/public_html/yii/framework/web/CWebApplication.php(328): CController->run('postDetail')
#21 /Users/austintodo/MAMP_htdocs/RiverCrab/public_html/yii/framework/web/CWebApplication.php(121): CWebApplication->runController('post/postDetail')
#22 /Users/austintodo/MAMP_htdocs/RiverCrab/public_html/yii/framework/base/CApplication.php(155): CWebApplication->processRequest()
#23 /Users/austintodo/MAMP_htdocs/RiverCrab/public_html/rc/index.php(13): CApplication->run()
#24 {main} REQUEST_URI=/RiverCrab/public_html/rc/post/postDetail/62
2011/03/11 14:34:05 [error] [exception.CException] exception 'CException' with message 'Property "CHttpRequest.getRequestUrl" is not defined.' in /Users/austintodo/MAMP_htdocs/RiverCrab/public_html/yii/framework/base/CComponent.php:131
Stack trace:
#0 /Users/austintodo/MAMP_htdocs/RiverCrab/public_html/rc/protected/views/post/detail.php(32): CComponent->__get('getRequestUrl')
#1 /Users/austintodo/MAMP_htdocs/RiverCrab/public_html/yii/framework/web/CBaseController.php(119): require('/Users/austinto...')
#2 /Users/austintodo/MAMP_htdocs/RiverCrab/public_html/yii/framework/web/CBaseController.php(88): CBaseController->renderInternal('/Users/austinto...', Array, true)
#3 /Users/austintodo/MAMP_htdocs/RiverCrab/public_html/yii/framework/web/CController.php(833): CBaseController->renderFile('/Users/austinto...', Array, true)
#4 /Users/austintodo/MAMP_htdocs/RiverCrab/public_html/rc/protected/views/post/postDetail.php(40): CController->renderPartial('detail', Array)
#5 /Users/austintodo/MAMP_htdocs/RiverCrab/public_html/yii/framework/web/CBaseController.php(119): require('/Users/austinto...')
#6 /Users/austintodo/MAMP_htdocs/RiverCrab/public_html/yii/framework/web/CBaseController.php(88): CBaseController->renderInternal('/Users/austinto...', Array, true)
#7 /Users/austintodo/MAMP_htdocs/RiverCrab/public_html/yii/framework/web/CController.php(833): CBaseController->renderFile('/Users/austinto...', Array, true)
#8 /Users/austintodo/MAMP_htdocs/RiverCrab/public_html/yii/framework/web/CController.php(746): CController->renderPartial('postDetail', Array, true)
#9 /Users/austintodo/MAMP_htdocs/RiverCrab/public_html/rc/protected/controllers/PostController.php(499): CController->render('postDetail', Array, false, true)
#10 [internal function]: PostController->actionPostDetail('62')
#11 /Users/austintodo/MAMP_htdocs/RiverCrab/public_html/yii/framework/web/actions/CInlineAction.php(54): ReflectionMethod->invokeArgs(Object(PostController), Array)
#12 /Users/austintodo/MAMP_htdocs/RiverCrab/public_html/yii/framework/web/CController.php(300): CInlineAction->run()
#13 /Users/austintodo/MAMP_htdocs/RiverCrab/public_html/yii/framework/web/filters/CFilterChain.php(133): CController->runAction(Object(CInlineAction))
#14 /Users/austintodo/MAMP_htdocs/RiverCrab/public_html/yii/framework/web/filters/CFilter.php(41): CFilterChain->run()
#15 /Users/austintodo/MAMP_htdocs/RiverCrab/public_html/yii/framework/web/CController.php(1088): CFilter->filter(Object(CFilterChain))
#16 /Users/austintodo/MAMP_htdocs/RiverCrab/public_html/yii/framework/web/filters/CInlineFilter.php(59): CController->filterAccessControl(Object(CFilterChain))
#17 /Users/austintodo/MAMP_htdocs/RiverCrab/public_html/yii/framework/web/filters/CFilterChain.php(130): CInlineFilter->filter(Object(CFilterChain))
#18 /Users/austintodo/MAMP_htdocs/RiverCrab/public_html/yii/framework/web/CController.php(283): CFilterChain->run()
#19 /Users/austintodo/MAMP_htdocs/RiverCrab/public_html/yii/framework/web/CController.php(257): CController->runActionWithFilters(Object(CInlineAction), Array)
#20 /Users/austintodo/MAMP_htdocs/RiverCrab/public_html/yii/framework/web/CWebApplication.php(328): CController->run('postDetail')
#21 /Users/austintodo/MAMP_htdocs/RiverCrab/public_html/yii/framework/web/CWebApplication.php(121): CWebApplication->runController('post/postDetail')
#22 /Users/austintodo/MAMP_htdocs/RiverCrab/public_html/yii/framework/base/CApplication.php(155): CWebApplication->processRequest()
#23 /Users/austintodo/MAMP_htdocs/RiverCrab/public_html/rc/index.php(13): CApplication->run()
#24 {main} REQUEST_URI=/RiverCrab/public_html/rc/post/postDetail/62
2011/03/11 15:33:00 [error] [exception.CHttpException.404] exception 'CHttpException' with message 'Unable to resolve the request "http://localhost:8888/RiverCrab/public_html/rc/post/postDetail/68".' in /Users/austintodo/MAMP_htdocs/RiverCrab/public_html/yii/framework/web/CWebApplication.php:332
Stack trace:
#0 /Users/austintodo/MAMP_htdocs/RiverCrab/public_html/yii/framework/web/CWebApplication.php(121): CWebApplication->runController('http://localhos...')
#1 /Users/austintodo/MAMP_htdocs/RiverCrab/public_html/yii/framework/base/CApplication.php(155): CWebApplication->processRequest()
#2 /Users/austintodo/MAMP_htdocs/RiverCrab/public_html/rc/index.php(13): CApplication->run()
#3 {main} REQUEST_URI=/RiverCrab/public_html/rc/http://localhost:8888/RiverCrab/public_html/rc/post/postDetail/68
2011/03/11 15:46:39 [error] [php] Undefined variable: url (/Users/austintodo/MAMP_htdocs/RiverCrab/public_html/rc/protected/views/post/postDetail.php:24)
Stack trace:
#0 /Users/austintodo/MAMP_htdocs/RiverCrab/public_html/yii/framework/web/CController.php(833): PostController->renderFile()
#1 /Users/austintodo/MAMP_htdocs/RiverCrab/public_html/yii/framework/web/CController.php(746): PostController->renderPartial()
#2 /Users/austintodo/MAMP_htdocs/RiverCrab/public_html/rc/protected/controllers/PostController.php(499): PostController->render()
#3 unknown(0): PostController->actionPostDetail()
#4 /Users/austintodo/MAMP_htdocs/RiverCrab/public_html/yii/framework/web/actions/CInlineAction.php(54): ReflectionMethod->invokeArgs()
#5 /Users/austintodo/MAMP_htdocs/RiverCrab/public_html/yii/framework/web/CController.php(300): CInlineAction->run()
#6 /Users/austintodo/MAMP_htdocs/RiverCrab/public_html/yii/framework/web/filters/CFilterChain.php(133): PostController->runAction()
#7 /Users/austintodo/MAMP_htdocs/RiverCrab/public_html/yii/framework/web/filters/CFilter.php(41): CFilterChain->run()
#8 /Users/austintodo/MAMP_htdocs/RiverCrab/public_html/yii/framework/web/CController.php(1088): CAccessControlFilter->filter()
#9 /Users/austintodo/MAMP_htdocs/RiverCrab/public_html/yii/framework/web/filters/CInlineFilter.php(59): PostController->filterAccessControl()
#10 /Users/austintodo/MAMP_htdocs/RiverCrab/public_html/yii/framework/web/filters/CFilterChain.php(130): CInlineFilter->filter()
#11 /Users/austintodo/MAMP_htdocs/RiverCrab/public_html/yii/framework/web/CController.php(283): CFilterChain->run()
#12 /Users/austintodo/MAMP_htdocs/RiverCrab/public_html/yii/framework/web/CController.php(257): PostController->runActionWithFilters()
#13 /Users/austintodo/MAMP_htdocs/RiverCrab/public_html/yii/framework/web/CWebApplication.php(328): PostController->run()
#14 /Users/austintodo/MAMP_htdocs/RiverCrab/public_html/yii/framework/web/CWebApplication.php(121): CWebApplication->runController()
#15 /Users/austintodo/MAMP_htdocs/RiverCrab/public_html/yii/framework/base/CApplication.php(155): CWebApplication->processRequest()
#16 /Users/austintodo/MAMP_htdocs/RiverCrab/public_html/rc/index.php(13): CWebApplication->run()
REQUEST_URI=/RiverCrab/public_html/rc/post/postDetail/5
in /Users/austintodo/MAMP_htdocs/RiverCrab/public_html/rc/protected/views/post/postDetail.php (24)
in /Users/austintodo/MAMP_htdocs/RiverCrab/public_html/rc/protected/controllers/PostController.php (499)
in /Users/austintodo/MAMP_htdocs/RiverCrab/public_html/rc/index.php (13)
2011/03/11 15:47:10 [error] [php] Undefined variable: url (/Users/austintodo/MAMP_htdocs/RiverCrab/public_html/rc/protected/views/post/postDetail.php:24)
Stack trace:
#0 /Users/austintodo/MAMP_htdocs/RiverCrab/public_html/yii/framework/web/CController.php(833): PostController->renderFile()
#1 /Users/austintodo/MAMP_htdocs/RiverCrab/public_html/yii/framework/web/CController.php(746): PostController->renderPartial()
#2 /Users/austintodo/MAMP_htdocs/RiverCrab/public_html/rc/protected/controllers/PostController.php(499): PostController->render()
#3 unknown(0): PostController->actionPostDetail()
#4 /Users/austintodo/MAMP_htdocs/RiverCrab/public_html/yii/framework/web/actions/CInlineAction.php(54): ReflectionMethod->invokeArgs()
#5 /Users/austintodo/MAMP_htdocs/RiverCrab/public_html/yii/framework/web/CController.php(300): CInlineAction->run()
#6 /Users/austintodo/MAMP_htdocs/RiverCrab/public_html/yii/framework/web/filters/CFilterChain.php(133): PostController->runAction()
#7 /Users/austintodo/MAMP_htdocs/RiverCrab/public_html/yii/framework/web/filters/CFilter.php(41): CFilterChain->run()
#8 /Users/austintodo/MAMP_htdocs/RiverCrab/public_html/yii/framework/web/CController.php(1088): CAccessControlFilter->filter()
#9 /Users/austintodo/MAMP_htdocs/RiverCrab/public_html/yii/framework/web/filters/CInlineFilter.php(59): PostController->filterAccessControl()
#10 /Users/austintodo/MAMP_htdocs/RiverCrab/public_html/yii/framework/web/filters/CFilterChain.php(130): CInlineFilter->filter()
#11 /Users/austintodo/MAMP_htdocs/RiverCrab/public_html/yii/framework/web/CController.php(283): CFilterChain->run()
#12 /Users/austintodo/MAMP_htdocs/RiverCrab/public_html/yii/framework/web/CController.php(257): PostController->runActionWithFilters()
#13 /Users/austintodo/MAMP_htdocs/RiverCrab/public_html/yii/framework/web/CWebApplication.php(328): PostController->run()
#14 /Users/austintodo/MAMP_htdocs/RiverCrab/public_html/yii/framework/web/CWebApplication.php(121): CWebApplication->runController()
#15 /Users/austintodo/MAMP_htdocs/RiverCrab/public_html/yii/framework/base/CApplication.php(155): CWebApplication->processRequest()
#16 /Users/austintodo/MAMP_htdocs/RiverCrab/public_html/rc/index.php(13): CWebApplication->run()
REQUEST_URI=/RiverCrab/public_html/rc/post/postDetail/5
in /Users/austintodo/MAMP_htdocs/RiverCrab/public_html/rc/protected/views/post/postDetail.php (24)
in /Users/austintodo/MAMP_htdocs/RiverCrab/public_html/rc/protected/controllers/PostController.php (499)
in /Users/austintodo/MAMP_htdocs/RiverCrab/public_html/rc/index.php (13)
2011/03/11 15:47:24 [error] [php] Undefined variable: url (/Users/austintodo/MAMP_htdocs/RiverCrab/public_html/rc/protected/views/post/postDetail.php:24)
Stack trace:
#0 /Users/austintodo/MAMP_htdocs/RiverCrab/public_html/yii/framework/web/CController.php(833): PostController->renderFile()
#1 /Users/austintodo/MAMP_htdocs/RiverCrab/public_html/yii/framework/web/CController.php(746): PostController->renderPartial()
#2 /Users/austintodo/MAMP_htdocs/RiverCrab/public_html/rc/protected/controllers/PostController.php(499): PostController->render()
#3 unknown(0): PostController->actionPostDetail()
#4 /Users/austintodo/MAMP_htdocs/RiverCrab/public_html/yii/framework/web/actions/CInlineAction.php(54): ReflectionMethod->invokeArgs()
#5 /Users/austintodo/MAMP_htdocs/RiverCrab/public_html/yii/framework/web/CController.php(300): CInlineAction->run()
#6 /Users/austintodo/MAMP_htdocs/RiverCrab/public_html/yii/framework/web/filters/CFilterChain.php(133): PostController->runAction()
#7 /Users/austintodo/MAMP_htdocs/RiverCrab/public_html/yii/framework/web/filters/CFilter.php(41): CFilterChain->run()
#8 /Users/austintodo/MAMP_htdocs/RiverCrab/public_html/yii/framework/web/CController.php(1088): CAccessControlFilter->filter()
#9 /Users/austintodo/MAMP_htdocs/RiverCrab/public_html/yii/framework/web/filters/CInlineFilter.php(59): PostController->filterAccessControl()
#10 /Users/austintodo/MAMP_htdocs/RiverCrab/public_html/yii/framework/web/filters/CFilterChain.php(130): CInlineFilter->filter()
#11 /Users/austintodo/MAMP_htdocs/RiverCrab/public_html/yii/framework/web/CController.php(283): CFilterChain->run()
#12 /Users/austintodo/MAMP_htdocs/RiverCrab/public_html/yii/framework/web/CController.php(257): PostController->runActionWithFilters()
#13 /Users/austintodo/MAMP_htdocs/RiverCrab/public_html/yii/framework/web/CWebApplication.php(328): PostController->run()
#14 /Users/austintodo/MAMP_htdocs/RiverCrab/public_html/yii/framework/web/CWebApplication.php(121): CWebApplication->runController()
#15 /Users/austintodo/MAMP_htdocs/RiverCrab/public_html/yii/framework/base/CApplication.php(155): CWebApplication->processRequest()
#16 /Users/austintodo/MAMP_htdocs/RiverCrab/public_html/rc/index.php(13): CWebApplication->run()
REQUEST_URI=/RiverCrab/public_html/rc/post/postDetail/4
in /Users/austintodo/MAMP_htdocs/RiverCrab/public_html/rc/protected/views/post/postDetail.php (24)
in /Users/austintodo/MAMP_htdocs/RiverCrab/public_html/rc/protected/controllers/PostController.php (499)
in /Users/austintodo/MAMP_htdocs/RiverCrab/public_html/rc/index.php (13)
2011/03/11 17:09:28 [error] [exception.CHttpException.404] exception 'CHttpException' with message 'The system is unable to find the requested action "post".' in /Users/austintodo/MAMP_htdocs/RiverCrab/public_html/yii/framework/web/CController.php:444
Stack trace:
#0 /Users/austintodo/MAMP_htdocs/RiverCrab/public_html/yii/framework/web/CController.php(262): CController->missingAction('post')
#1 /Users/austintodo/MAMP_htdocs/RiverCrab/public_html/yii/framework/web/CWebApplication.php(328): CController->run('post')
#2 /Users/austintodo/MAMP_htdocs/RiverCrab/public_html/yii/framework/web/CWebApplication.php(121): CWebApplication->runController('site/post/index')
#3 /Users/austintodo/MAMP_htdocs/RiverCrab/public_html/yii/framework/base/CApplication.php(155): CWebApplication->processRequest()
#4 /Users/austintodo/MAMP_htdocs/RiverCrab/public_html/rc/index.php(13): CApplication->run()
#5 {main} REQUEST_URI=/RiverCrab/public_html/rc/site/post/index
